/*C1*/SET SCHEMA SYSTEM_LOBS
INSERT INTO BLOCKS VALUES(0,2147483647,0)
COMMIT
/*C2*/SET SCHEMA PUBLIC
drop table if exists student CASCADE 
create table student (id integer not null, city varchar(255), description varchar(255), district varchar(255), name varchar(255), phone_number varchar(255), surname varchar(255), primary key (id))
INSERT INTO STUDENT VALUES(5,'Ankara','oleley','Cankaya','melis','255151','aslan')
COMMIT
drop table if exists student CASCADE 
DISCONNECT
/*C3*/SET SCHEMA PUBLIC
DISCONNECT
/*C4*/SET SCHEMA PUBLIC
DISCONNECT
/*C5*/SET SCHEMA PUBLIC
DISCONNECT
/*C6*/SET SCHEMA PUBLIC
DISCONNECT
/*C7*/SET SCHEMA PUBLIC
DISCONNECT
/*C8*/SET SCHEMA PUBLIC
DISCONNECT
/*C9*/SET SCHEMA PUBLIC
DISCONNECT
/*C10*/SET SCHEMA PUBLIC
DISCONNECT
/*C11*/SET SCHEMA PUBLIC
DISCONNECT
